2022/01/20 14:01:33 -> author: Tina.Lin  , message: v1.00.14
2022/01/20 14:01:08 -> author: Tina.Lin  , message: frameworkversion v1.01.07
2022/01/20 13:59:29 -> author: Tina.Lin  , message: Update | form-edit | update source fake data
2022/01/20 13:46:27 -> author: Tina.Lin  , message: Update | i18n
2022/01/20 13:46:20 -> author: Tina.Lin  , message: Update | dialog | update sort out code
2022/01/20 13:45:41 -> author: Tina.Lin  , message: Update | some files | remove unused code
2022/01/20 13:38:00 -> author: Tina.Lin  , message: Update | form-edit | add select group demo
2022/01/20 11:29:54 -> author: Tina.Lin  , message: Update | component image | remove unused demo code
2022/01/20 11:29:11 -> author: Tina.Lin  , message: Update | component toast | add error demo
2022/01/20 10:33:10 -> author: Tina.Lin  , message: Update | i18n
2022/01/20 10:32:04 -> author: Tina.Lin  , message: Update | enroll-multiple related files | add enroll-multiple related code
2022/01/20 10:31:03 -> author: Tina.Lin  , message: Add | enroll-multiple related files
2022/01/19 17:02:41 -> author: Tina.Lin  , message: Update | download-excel-image-multiplee related files | add download-excel-image-multiple related code
2022/01/19 17:01:59 -> author: Tina.Lin  , message: Update | image fake data | add  fake data
2022/01/19 17:01:06 -> author: Tina.Lin  , message: Add | download-excel-image-multiple related files
2022/01/19 14:36:05 -> author: Tina.Lin  , message: Update | i18n
2022/01/19 13:53:27 -> author: Tina.Lin  , message: Update | image | remove unused code
2022/01/19 13:34:44 -> author: Tina.Lin  , message: Update | store | add export checkItem$
2022/01/19 13:33:11 -> author: Tina.Lin  , message: Update | image multiple related files | add  image multiple related code
2022/01/19 13:30:40 -> author: Tina.Lin  , message: Add | image multiple component
2022/01/17 11:42:22 -> author: Tina.Lin  , message: Update | nav | add and use nav config data
2022/01/17 10:42:06 -> author: Tina.Lin  , message: Update | nav / home | remove search demo page
2022/01/17 10:25:02 -> author: Tina.Lin  , message: Update | logs / license | update table date format
2022/01/17 10:19:37 -> author: Tina.Lin  , message: Update | table related files | update table filter ui and fix filter error
2022/01/14 17:08:23 -> author: Tina.Lin  , message: Update | table related files | fix table order error
2022/01/14 14:11:39 -> author: Tina.Lin  , message: Remove | unused files | remove card search related files
2022/01/14 13:35:43 -> author: Tina.Lin  , message: Add | greeting | add greeting related code
2022/01/14 13:32:58 -> author: Tina.Lin  , message: Update | form-type schedule | update code
2022/01/14 13:24:29 -> author: Tina.Lin  , message: Update | project | upadte fontawesome  v4 to v5
2022/01/14 11:47:54 -> author: Tina.Lin  , message: Update | login title related file | add login title related code
2022/01/14 11:45:23 -> author: Tina.Lin  , message: Update | i18nMode related file| add i18nMode related code
2021/09/22 11:10:32 -> author: Tina.Lin  , message: Merge branch 'feature/image' into develop
2021/09/22 10:33:23 -> author: Tina.Lin  , message: Update | image | update 1.  consoleImageMultiple  2. update demo no check
2021/09/18 06:26:20 -> author: Tina.Lin  , message: Update | image | update 1. is check === false show error dialog  2. user can enter addLimit value
2021/09/18 06:00:16 -> author: Tina.Lin  , message: Update | image | remove console.log
2021/09/18 05:59:20 -> author: Tina.Lin  , message: Update | image | update get prop value and simulate is check true / false
2021/09/18 02:24:40 -> author: Tina.Lin  , message: Update | image | update image-multiple 1. add  prop and event  2. get emit data and simulate isCheck
2021/09/18 02:22:06 -> author: Tina.Lin  , message: Update | image | update image-multiple-view image photo
2021/09/18 02:18:00 -> author: Tina.Lin  , message: Update | i18n
2021/09/16 16:39:48 -> author: Tina.Lin  , message: Update | image | update form-image-multiple-view demo
2021/09/16 16:35:56 -> author: Tina.Lin  , message: Update | fake data | add fake data
2021/09/16 16:30:52 -> author: Tina.Lin  , message: Update | i18n | add Component_Image_MultipleView
2021/09/13 14:24:52 -> author: Tina.Lin  , message: Add | flags image
2021/09/07 16:46:12 -> author: Tina.Lin  , message: Update | helpers | remove unused code
2021/09/07 16:45:24 -> author: Tina.Lin  , message: Update | i18n
2021/09/07 16:39:41 -> author: Tina.Lin  , message: v1.00.13
2021/09/07 16:39:05 -> author: Tina.Lin  , message: frameworkversion v1.00.24
2021/08/31 13:47:26 -> author: Tina.Lin  , message: Update | i18n
2021/08/10 10:40:29 -> author: Tina.Lin  , message: Add | response-filter | add response-filter in src
2021/08/04 13:21:50 -> author: Tina.Lin  , message: Update | demo dialog | add after input then show error dialog
2021/08/02 17:02:50 -> author: Tina.Lin  , message: Merge branch 'feature/dialog' into develop
2021/08/02 17:02:36 -> author: Tina.Lin  , message: Update | demo dialog | add derail error dialog ui
2021/07/13 14:51:39 -> author: Tina.Lin  , message: v1.00.12
2021/07/13 14:49:42 -> author: Tina.Lin  , message: frameworkversion v1.00.17
2021/07/13 14:41:22 -> author: Tina.Lin  , message: Merge branch 'feature/emap' into develop
2021/07/13 14:11:40 -> author: Tina.Lin  , message: Update | demo emap | update emap demo
2021/07/13 14:11:18 -> author: Tina.Lin  , message: Update | i18n | add emap related content
2021/07/13 14:01:21 -> author: Tina.Lin  , message: Update | componente emap | 1.sort out code and files  2. update data structure 3. update component
2021/07/12 17:04:06 -> author: Tina.Lin  , message: Merge branch 'feature/form' into feature/dialog
2021/07/12 16:38:31 -> author: Tina.Lin  , message: Update | forn-edit | add range demo
2021/07/12 16:17:26 -> author: Tina.Lin  , message: Update | i18n | add range related content
2021/06/29 10:11:30 -> author: Tina.Lin  , message: Update | bridle | add import UserMessage
2021/06/28 16:33:49 -> author: Tina.Lin  , message: Update | demo dialog | add ErrorDeitalConfirnOnly demo
2021/06/28 09:33:25 -> author: Tina.Lin  , message: v1.00.11
2021/06/28 09:33:02 -> author: Tina.Lin  , message: frameworkversion v1.00.15
2021/06/28 09:06:06 -> author: Tina.Lin  , message: v1.00.10
2021/06/28 09:03:06 -> author: Tina.Lin  , message: frameworkversion v1.00.14
2021/06/25 18:21:43 -> author: Tina.Lin  , message: Merge branch 'feature/emap' into develop
2021/06/25 18:20:48 -> author: Tina.Lin  , message: Update | component e-map | sort out code
2021/06/25 18:13:26 -> author: Tina.Lin  , message: Update | device-list-source | sort out code
2021/06/25 18:12:50 -> author: Tina.Lin  , message: Update | image-box-source | sort out code
2021/06/25 17:53:55 -> author: Tina.Lin  , message: Update | component e-map index | add export interface
2021/06/25 17:51:29 -> author: Tina.Lin  , message: Update | models enums | remove unused code
2021/06/25 17:49:55 -> author: Tina.Lin  , message: Update | device-list-source | sort out code
2021/06/25 17:34:07 -> author: Tina.Lin  , message: Update | emap-item | sort out code
2021/06/25 17:04:23 -> author: Tina.Lin  , message: Updaet | i18n
2021/06/25 17:04:11 -> author: Tina.Lin  , message: Update | image-box-source | update click device on the map have aperture
2021/06/25 16:25:25 -> author: Tina.Lin  , message: Update | device-list-source | update click focus device will open device list
2021/06/25 16:24:31 -> author: Tina.Lin  , message: Update | component e-map | remove unused code
2021/06/25 15:45:45 -> author: Tina.Lin  , message: Update | image-box-source | 1. update eamp device UI   2. remove no unused code
2021/06/25 15:44:10 -> author: Tina.Lin  , message: Update | device-list-source | update device list UI
2021/06/25 15:43:03 -> author: Tina.Lin  , message: Update | models emap-items | update new source type track
2021/06/25 15:39:06 -> author: Tina.Lin  , message: Update | component e-map index | remove unused code
2021/06/25 15:35:33 -> author: Tina.Lin  , message: Update | models interface / iviews emap | remove unused code
2021/06/25 15:33:06 -> author: Tina.Lin  , message: Update | models enums | add new enums track
2021/06/25 15:32:25 -> author: Tina.Lin  , message: Update | device-source-track.svg | update icon image
2021/06/25 15:30:32 -> author: Tina.Lin  , message: Update | views emap | update 1. show emap function  2.add edit and view emap demo
2021/06/25 15:29:12 -> author: Tina.Lin  , message: Update | models emap | update fake data
2021/06/25 10:54:26 -> author: Tina.Lin  , message: Update | models emap | add fake data
2021/06/24 18:24:31 -> author: Tina.Lin  , message: Add | components emap | doing emap
2021/06/24 18:23:06 -> author: Tina.Lin  , message: Update | i18n | add emap related content
2021/06/24 18:19:55 -> author: Tina.Lin  , message: Add | views emap demo | add emap demo related files
2021/06/24 18:18:24 -> author: Tina.Lin  , message: Update | path / router / nav / home | add emap related content
2021/06/23 15:05:32 -> author: Tina.Lin  , message: frameworkversion v1.00.13
2021/06/23 14:31:53 -> author: Tina.Lin  , message: Update | i18n | update typesetting format
2021/06/23 14:15:19 -> author: Tina.Lin  , message: Update | i18n | update password rule
2021/06/16 15:57:50 -> author: Tina.Lin  , message: v1.00.09
2021/06/16 15:57:14 -> author: Tina.Lin  , message: frameworkversion v1.00.12
2021/06/16 15:56:42 -> author: Tina.Lin  , message: Update | packake.json | update @advantech/web-x-component-roi 1.0.4
2021/06/16 15:10:07 -> author: Tina.Lin  , message: Update | i18n | unite use should be and x to xxx
2021/06/16 15:01:05 -> author: Tina.Lin  , message: Update | nav | update empty to the project name
2021/06/16 15:00:55 -> author: Tina.Lin  , message: Update | nav | sort out code
2021/06/16 15:00:36 -> author: Tina.Lin  , message: Update | nav | click refresh on the same page
2021/06/16 14:59:56 -> author: Tina.Lin  , message: Update | nav | update keep only one child opened at a time
2021/05/19 11:05:23 -> author: 7070587   , message: Update | image | 1.add demo form-image-multiple  2.sort out code
2021/05/17 18:10:34 -> author: 7070587   , message: Update | image | add component demo image-multiple
2021/05/17 18:09:52 -> author: 7070587   , message: Update | i18n | add image related content
2021/05/17 10:38:08 -> author: 7070587   , message: Update | image | add new demo - large cropper
2021/05/17 09:51:31 -> author: Min.Hsieh , message: Reinstall @advantech/web-x-component-roi package
2021/05/07 09:05:45 -> author: Tina.Lin  , message: v1.00.08
2021/05/07 09:00:37 -> author: Tina.Liang, message: Update | README.md
2021/05/07 08:52:20 -> author: Tina.Liang, message: Update | i18n | enroll
2021/05/06 17:12:42 -> author: Tina.Liang, message: Update | i18n | table types
2021/05/06 16:06:30 -> author: Tina.Liang, message: Fix | smtp | if data change isTest should be false
2021/05/06 13:48:02 -> author: Tina.Liang, message: Update | i18n | Form Types
2021/05/06 11:39:24 -> author: Tina.Liang, message: Update | i18n | components
2021/05/06 10:05:24 -> author: Tina.Liang, message: Update | i18n | navigation and home
2021/05/06 09:14:06 -> author: Tina.Liang, message: Fix | login | if remember me enable login button will disabled
2021/05/05 17:07:12 -> author: Tina.Liang, message: Update | login | login button disable if invalid
2021/05/05 15:10:26 -> author: Tina.Liang, message: Update | router | implement showPageName feature
2021/05/05 14:55:27 -> author: Tina.Liang, message: Update | vue.config | isOutputSourceMap to true
2021/05/05 14:55:14 -> author: Tina.Liang, message: Update | setting.json | add showPageName, showI18nKey
2021/05/05 14:22:37 -> author: Tina.Liang, message: Update | schedule | Fake Data
2021/05/05 13:29:37 -> author: Tina.Liang, message: Merge branch 'feature/framework_v1.00.09' into develop
2021/05/05 13:29:25 -> author: Tina.Liang, message: frameworkversion v1.00.09
2021/05/05 13:28:39 -> author: Tina.Liang, message: Update | i18n | export I18nOptions
2021/05/05 11:24:40 -> author: Tina.Liang, message: Rename | table-type | directory name +s
2021/05/05 11:20:21 -> author: Tina.Liang, message: Rename | guests, users | directory name +s
2021/05/05 11:18:48 -> author: Tina.Liang, message: Rename | form-type | directory name to form-types
2021/05/05 11:16:12 -> author: Tina.Liang, message: Rename directory name
2021/05/05 11:12:16 -> author: Tina.Liang, message: Update | router | 1. remove app or app will fire twice 2. use region
2021/05/05 11:00:26 -> author: Tina.Liang, message: Update | i18n | remove unused
2021/05/05 10:46:59 -> author: Tina.Liang, message: Update | license
2021/05/05 10:08:51 -> author: Tina.Liang, message: Update | smtp
2021/05/05 09:59:59 -> author: Tina.Liang, message: Merge branch 'develop' into develop
2021/05/05 09:59:43 -> author: Tina.Liang, message: Update | schedule
2021/05/05 09:30:50 -> author: Tina.Lin  , message: Merge branch 'feature/logs' into develop
2021/05/05 09:29:16 -> author: Tina.Lin  , message: Update | i18n | add log related content
2021/05/05 09:28:57 -> author: Tina.Lin  , message: Update | log | 1. add interface and enum  2.sort out code
2021/05/05 09:04:39 -> author: Tina.Liang, message: Update | import forms if needed
2021/05/04 17:35:53 -> author: Tina.Liang, message: Update | license | remove unused code
2021/05/04 17:35:34 -> author: Tina.Liang, message: Update | i18n | user region
2021/05/04 17:17:43 -> author: Tina.Liang, message: Merge branch 'develop' into develop
2021/05/04 17:17:26 -> author: Tina.Liang, message: Update | excel-download-image
2021/05/04 17:09:09 -> author: Tina.Lin  , message: Merge branch 'feature/forgot-password' into develop
2021/05/04 17:08:53 -> author: Tina.Lin  , message: Update | forget-password | add required and format check
2021/05/04 16:50:56 -> author: Tina.Liang, message: Update | download-excel-image | update computed varaibles
2021/05/04 16:43:44 -> author: Tina.Liang, message: Update | download-excel-image | use region
2021/05/04 16:17:36 -> author: Tina.Liang, message: Update | download-excel-image | update interface
2021/05/04 16:16:57 -> author: Tina.Liang, message: Add | dowbload-excel-image | add model
2021/05/04 16:03:10 -> author: Tina.Liang, message: Update | enroll-detail
2021/05/04 16:01:57 -> author: Tina.Liang, message: Add | models | add excel related interface, remove unused model
2021/05/04 15:45:38 -> author: Tina.Liang, message: Add | package exif-js
2021/05/04 15:34:07 -> author: Tina.Liang, message: Remove | models | remove path-api and path-web interface
2021/05/04 15:31:05 -> author: Tina.Liang, message: Update | login | remove unused code
2021/05/04 15:24:30 -> author: Tina.Liang, message: Remove | develop-server | remove files in model and move interface in develop-server file
2021/05/04 15:18:09 -> author: Tina.Liang, message: Update | enroll | use region
2021/05/04 15:11:48 -> author: Tina.Liang, message: Update | login | use forms
2021/05/04 15:01:15 -> author: Tina.Liang, message: Update | version-log | update change log get way
2021/05/04 14:49:39 -> author: Tina.Liang, message: Merge branch 'feature/framework_v1.00.08' into develop
2021/05/04 14:49:26 -> author: Tina.Liang, message: frameworkversion v1.00.08
2021/05/04 14:43:44 -> author: Tina.Liang, message: Update | stores | add showPageName, showI18nKey field
2021/05/04 14:42:50 -> author: Tina.Liang, message: Update | login | change button-language to login-language
2021/05/04 14:24:14 -> author: Tina.Liang, message: Remove unused i18n model
2021/05/04 14:23:54 -> author: Tina.Liang, message: Move i18n to assets
2021/05/04 13:57:44 -> author: Tina.Lin  , message: Update | table-form-edit | add weather show checkbox and actions
2021/05/04 13:56:51 -> author: Tina.Lin  , message: Update | form-edit | update formconfig variable
2021/05/04 13:26:09 -> author: Tina.Liang, message: Update package web-x-component-roi v1.0.3
2021/04/13 10:46:14 -> author: Tina.Lin  , message: Update | table demo | add if need show checkbox
2021/04/12 17:31:50 -> author: Tina.Lin  , message: Update | package.json
2021/04/12 17:31:37 -> author: Tina.Lin  , message: Update | progress demo | add max count
2021/04/12 15:10:12 -> author: Tina.Lin  , message: remove no use files
2021/04/12 14:01:58 -> author: Tina.Lin  , message: Update | card | update use get function
2021/04/12 14:01:04 -> author: Tina.Lin  , message: Update | demo step | update import and use component name
2021/02/25 09:24:19 -> author: Tina.Liang, message: v1.00.07
2021/02/25 09:24:00 -> author: Tina.Liang, message: frameworkversion v1.00.05
2021/02/25 09:23:29 -> author: Tina.Liang, message: Update views/guest/login, rewrite in b-form
2021/02/25 09:23:02 -> author: Tina.Liang, message: Update router, if no sessionId no need popup modal
2021/02/20 13:34:08 -> author: Tina.Liang, message: v1.00.06
2021/02/20 13:30:02 -> author: Tina.Liang, message: Add view index if page have multiple components and update relative router import
2021/02/20 10:46:13 -> author: Tina.Liang, message: Update router, named lazy load chunk file
2021/02/19 16:29:43 -> author: Tina.Liang, message: Merge branch 'feature/framework_v1.00.04' into develop
2021/02/19 16:29:32 -> author: Tina.Liang, message: frameworkversion v1.00.04
2021/02/19 16:22:28 -> author: Tina.Liang, message: Update login, auto focus on account input
2021/02/19 15:50:05 -> author: Tina.Liang, message: Remove unused views/index.vue
2021/02/19 15:49:51 -> author: Tina.Liang, message: Update router
2021/02/19 15:42:47 -> author: Tina.Liang, message: Update container bridle
2021/02/19 15:42:12 -> author: Tina.Liang, message: Move footer, header, logo, nav to components
2021/02/19 15:41:31 -> author: Tina.Liang, message: Add App.vue to containers
2021/02/19 13:04:39 -> author: Tina.Liang, message: Merge branch 'feature/justify_router' into develop
2021/02/19 11:47:45 -> author: Tina.Liang, message: Update view index, import global scss
2021/02/19 11:40:52 -> author: Tina.Liang, message: Update views, remove bridle
2021/02/19 11:38:51 -> author: Tina.Liang, message: Update view table-type, remove bridle
2021/02/19 11:26:25 -> author: Tina.Liang, message: Update view form-types, remove bridle
2021/02/19 11:22:14 -> author: Tina.Liang, message: Update view components, remove bridle
2021/02/19 11:21:57 -> author: Tina.Liang, message: Update view home, remove bridle
2021/02/19 11:20:33 -> author: Tina.Liang, message: Update bridle, remove unused class
2021/02/19 11:00:10 -> author: Tina.Liang, message: Update router, add navigation guard
2021/02/19 10:58:22 -> author: Tina.Liang, message: Update root router, only rerender bridle's content
2021/02/19 10:55:23 -> author: Tina.Liang, message: Update bridle, fix goToHome duplicate navigation error
2021/02/18 17:25:37 -> author: Tina.Liang, message: Update router, determine root children
2021/02/18 17:18:00 -> author: Tina.Liang, message: Update router, change meta title recursively
2021/02/18 17:13:38 -> author: Tina.Liang, message: Update router, dynamic import
2021/01/27 17:35:31 -> author: ADVANTEC.., message: v1.00.05
2021/01/27 17:21:48 -> author: ADVANTEC.., message: Update view/component/roi use @advantech/web-x-component-roi package
2021/01/27 17:20:56 -> author: ADVANTEC.., message: Add package web-x-component-roi
2021/01/27 10:34:43 -> author: ADVANTEC.., message: Updaet | login | use server/info to get server version
2021/01/27 10:34:21 -> author: ADVANTEC.., message: Updaet | footer | use server/info to get server version
2021/01/27 10:14:31 -> author: ADVANTEC.., message: v1.00.04
2021/01/27 10:13:44 -> author: ADVANTEC.., message: Update footer, use fake data
2021/01/27 09:58:06 -> author: ADVANTEC.., message: Merge branch 'develop' of http://172.22.28.195:53000/product-repositories/web-x-demo into develop
2021/01/27 09:58:02 -> author: ADVANTEC.., message: Update | version related | 1. web version use src package.json  2. server version use server/info to get server version
2021/01/27 09:03:47 -> author: ADVANTEC.., message: Update views/user/change-password use fake data
2021/01/27 09:03:25 -> author: ADVANTEC.., message: Update views/user/my-profile use fake data
2021/01/27 08:49:45 -> author: ADVANTEC.., message: Update fake data
2021/01/27 08:49:32 -> author: ADVANTEC.., message: Update version use src package.json
2021/01/27 08:49:10 -> author: ADVANTEC.., message: Rearrange views component tree
2021/01/26 17:28:12 -> author: ADVANTEC.., message: v1.00.03
2021/01/26 17:28:03 -> author: ADVANTEC.., message: Update views/component/progress
2021/01/26 17:08:58 -> author: ADVANTEC.., message: v1.00.02
2021/01/26 13:25:08 -> author: ADVANTEC.., message: Update table base, add information
2021/01/26 11:32:33 -> author: ADVANTEC.., message: Update fake-data image
2021/01/26 11:26:06 -> author: ADVANTEC.., message: Update schedule form only
2021/01/26 11:11:17 -> author: ADVANTEC.., message: Update view/component/forms router
2021/01/26 11:08:45 -> author: ADVANTEC.., message: Update router, add meta title in every page
2021/01/26 10:52:27 -> author: ADVANTEC.., message: Rearragne table type pages and paths
2021/01/26 09:56:53 -> author: ADVANTEC.., message: Rearrange views component form-relational-select
2021/01/26 09:46:00 -> author: ADVANTEC.., message: Rearrange form-type pages
2021/01/26 09:33:10 -> author: ADVANTEC.., message: Rearrange paths and pages
2021/01/26 08:52:44 -> author: ADVANTEC.., message: Hide zh-TW language
2021/01/25 17:10:00 -> author: ADVANTEC.., message: v1.00.01
2021/01/25 17:09:50 -> author: ADVANTEC.., message: Update home
2021/01/25 17:00:09 -> author: ADVANTEC.., message: frameworkversion v1.00.02
2021/01/25 16:55:54 -> author: ADVANTEC.., message: Merge branch 'develop' into develop
2021/01/25 16:55:06 -> author: ADVANTEC.., message: Add README.md
2021/01/25 16:43:19 -> author: ADVANTEC.., message: Merge branch 'develop' of http://172.22.28.195:53000/product-repositories/web-x-demo into develop
2021/01/25 16:43:04 -> author: ADVANTEC.., message: Add | stores| change-log files
2021/01/25 16:42:43 -> author: ADVANTEC.., message: Add | public | change.log files
2021/01/25 16:41:47 -> author: ADVANTEC.., message: Add | stores index | import variables uniformly, then export uniformly
2021/01/25 16:41:04 -> author: ADVANTEC.., message: Update template_form_edit
2021/01/25 16:40:53 -> author: ADVANTEC.., message: Update demo/step use fake data
2021/01/25 16:40:37 -> author: ADVANTEC.., message: Update demo roi use fake data
2021/01/25 16:39:31 -> author: ADVANTEC.., message: Update | version log | update logs use change.log data
2021/01/25 16:37:54 -> author: ADVANTEC.., message: Update | logo | update import setting$ ways
2021/01/25 16:02:47 -> author: ADVANTEC.., message: Update demo card use scroll
2021/01/25 15:35:50 -> author: ADVANTEC.., message: Update schedule use fake data
2021/01/25 15:03:03 -> author: ADVANTEC.., message: Update enroll use fake data
2021/01/25 13:22:49 -> author: ADVANTEC.., message: Update download_excel_image use fake data
2021/01/25 11:19:44 -> author: ADVANTEC.., message: Remove unuse code
2021/01/25 09:25:08 -> author: ADVANTEC.., message: Update download/download_excel use fake data
2021/01/25 09:24:15 -> author: ADVANTEC.., message: Remove unused console
2021/01/25 08:49:51 -> author: ADVANTEC.., message: Remove (table_form_edit_table)s
2021/01/22 14:27:57 -> author: ADVANTEC.., message: Update demo table use fake data
2021/01/22 14:03:28 -> author: ADVANTEC.., message: Update license use fake data
2021/01/22 13:43:22 -> author: ADVANTEC.., message: Update logs use fake data
2021/01/22 11:11:19 -> author: ADVANTEC.., message: Update smtp use fake data
2021/01/22 10:40:09 -> author: ADVANTEC.., message: Update table_form_edit_form_view_table use fake data
2021/01/21 16:39:24 -> author: ADVANTEC.., message: Update table_form_edit_table_view use fake data
2021/01/21 14:48:27 -> author: ADVANTEC.., message: Update table_table_in_card_search use fake data
2021/01/21 14:34:53 -> author: ADVANTEC.., message: Update table_table use fake data
2021/01/21 13:27:22 -> author: ADVANTEC.., message: Update template_table_filter_form_edit_view use fake data
2021/01/21 11:34:55 -> author: ADVANTEC.., message: Update template_table_filter_form_edit use fake data
2021/01/21 10:36:17 -> author: ADVANTEC.., message: Update template_table_filter_form_view use fake data
2021/01/21 10:35:50 -> author: ADVANTEC.., message: Fix time filter
2021/01/21 09:42:05 -> author: ADVANTEC.., message: Update template_table_filter fake data filter
2021/01/21 09:40:15 -> author: ADVANTEC.., message: Update fake data sorting logic
2021/01/19 17:23:22 -> author: ADVANTEC.., message: Update personGroup no need to sort
2021/01/19 17:07:48 -> author: ADVANTEC.., message: Fix sorting now work
2021/01/19 17:02:35 -> author: ADVANTEC.., message: Update time format
2021/01/19 16:57:36 -> author: ADVANTEC.., message: Update template_table_in_card_search_form_view use fake data
2021/01/19 16:49:36 -> author: ADVANTEC.., message: Update title
2021/01/19 16:43:41 -> author: ADVANTEC.., message: Fix loading input type
2021/01/19 16:35:14 -> author: ADVANTEC.., message: Merge branch 'origin/develop' into develop
2021/01/19 16:34:32 -> author: ADVANTEC.., message: Update demo loading, can indicate delay seconds
2021/01/19 16:29:22 -> author: ADVANTEC.., message: Merge branch 'develop' of http://172.22.28.195:53000/product-repositories/web-x-demo into develop
2021/01/19 16:29:18 -> author: ADVANTEC.., message: Update | logo | remove no use code
2021/01/19 16:29:01 -> author: ADVANTEC.., message: Update | state and setting.json| tab.title default value
2021/01/19 16:25:15 -> author: ADVANTEC.., message: Update | router | check  if have meta.title
2021/01/19 15:56:06 -> author: ADVANTEC.., message: Merge branch 'origin/develop' into develop
2021/01/19 15:53:59 -> author: ADVANTEC.., message: Update template_table_in_card_search_form_edit use fake data
2021/01/19 15:52:41 -> author: ADVANTEC.., message: Update | router | user can update title
2021/01/19 15:52:28 -> author: ADVANTEC.., message: Update | stores and setting.json | add tab.title
2021/01/19 14:38:16 -> author: ADVANTEC.., message: Update template_table_in_card_search use fake data
2021/01/19 13:27:04 -> author: ADVANTEC.., message: Fix time format
2021/01/19 13:05:47 -> author: ADVANTEC.., message: Update template_table_form_edit_view use fake data
2021/01/19 11:21:05 -> author: ADVANTEC.., message: Update table-v1 -> web-x-table
2021/01/19 11:15:12 -> author: ADVANTEC.., message: Update template_table_form_edit, use fake data
2021/01/19 11:11:16 -> author: ADVANTEC.., message: Fix fake data page
2021/01/18 16:28:30 -> author: ADVANTEC.., message: Update template_table_form_view, use fake data and remove unused code
2021/01/18 16:12:24 -> author: ADVANTEC.., message: Update template_table, init sortingOrder by sortingOrderEnum
2021/01/18 15:24:59 -> author: ADVANTEC.., message: Update template_table, use fake data
2021/01/18 15:18:28 -> author: ADVANTEC.., message: Add fake data image
2021/01/18 14:30:48 -> author: ADVANTEC.., message: Update vue.config.js, add comment
2021/01/18 14:07:24 -> author: ADVANTEC.., message: Update | fix filename === null error
2021/01/18 10:51:08 -> author: ADVANTEC.., message: Merge branch 'develop' of http://172.22.28.195:53000/product-repositories/web-x-demo into develop
2021/01/18 10:51:04 -> author: ADVANTEC.., message: Update | log download excel | use @advantech/web-x-component-progress
2021/01/18 10:41:54 -> author: ADVANTEC.., message: Update nav, remove User Message, I18n, Bell, add Login
2021/01/18 10:02:37 -> author: ADVANTEC.., message: Update footer serverVersion
2021/01/18 09:46:31 -> author: ADVANTEC.., message: Update bridle, logout, serverRestart, show user image
2021/01/15 17:12:10 -> author: ADVANTEC.., message: Update view login, use fake data, title from setting
2021/01/15 15:11:09 -> author: ADVANTEC.., message: Remove unused files
2021/01/15 09:48:20 -> author: ADVANTEC.., message: Fix redirect router duplicate warning
2021/01/14 17:44:28 -> author: ADVANTEC.., message: Update router, if path invalid will redirect to home/login page
2021/01/14 17:36:00 -> author: ADVANTEC.., message: Update nav, take off 'Demo'
2021/01/14 17:19:24 -> author: ADVANTEC.., message: Update package script, add post build to fit Github pages
2021/01/14 17:13:45 -> author: ADVANTEC.., message: Update public path to fit the Github pages
2021/01/14 17:12:35 -> author: ADVANTEC.., message: Update stores/state, update setting.json url path
2021/01/14 16:53:30 -> author: ADVANTEC.., message: Update | logo image path
2021/01/14 15:22:57 -> author: ADVANTEC.., message: Add | vue.config
2021/01/14 11:52:16 -> author: ADVANTEC.., message: Update | state and models
2021/01/14 11:35:33 -> author: ADVANTEC.., message: Update | state api response check
2021/01/14 11:22:10 -> author: ADVANTEC.., message: Update | setting.json | default value
2021/01/14 11:11:46 -> author: ADVANTEC.., message: Update | state | logo filename and title check
2021/01/14 11:11:02 -> author: ADVANTEC.., message: Remove | icon
2021/01/14 10:36:07 -> author: ADVANTEC.., message: Merge branch 'develop' of http://172.22.28.195:53000/product-repositories/web-x-demo into develop
2021/01/14 10:34:46 -> author: ADVANTEC.., message: Update | state
2021/01/14 10:33:58 -> author: ADVANTEC.., message: Update | setting.json default value
2021/01/14 10:33:25 -> author: ADVANTEC.., message: Add | store models
2021/01/14 10:32:48 -> author: ADVANTEC.., message: Update npm script
2021/01/14 10:32:46 -> author: ADVANTEC.., message: Update | logo | logo image and title use setting.json
2021/01/14 10:13:54 -> author: ADVANTEC.., message: Update package name web-x-demo
2021/01/14 10:05:10 -> author: ADVANTEC.., message: Update progress related files
2021/01/14 10:04:59 -> author: ADVANTEC.., message: Add package web-x-component-progress
2021/01/11 16:26:16 -> author: ADVANTEC.., message: Update | containers footer and project name use setting.json
2021/01/11 16:25:32 -> author: ADVANTEC.., message: Add | src/public/setting.json and src/stores/state.ts
2021/01/08 17:54:48 -> author: ADVANTEC.., message: Update | src containers | use setting.json
2021/01/07 17:03:15 -> author: ADVANTEC.., message: Update | i18n | project name
2021/01/07 17:01:52 -> author: ADVANTEC.., message: Remove | customized-server | no use code
2021/01/07 15:14:56 -> author: ADVANTEC.., message: Add main.ts
2021/01/07 13:46:32 -> author: ADVANTEC.., message: init